Change Pin Designator/Name:  Old Designator=U?-25 Old Name=PD0 (OC0B/SCL/INT0) New Designator =PC7 (A15/IC.3/CLKO) New Name=42
Change Pin Designator/Name:  Old Designator=U?-26 Old Name=PD1 (OC2B/SDA/INT1) New Designator =PC6 (A14/OC.3A) New Name=41
Change Pin Designator/Name:  Old Designator=U?-27 Old Name=PD2 (RXD1/INT2) New Designator =PC5 (A13/OC.3B) New Name=40
Change Pin Designator/Name:  Old Designator=U?-28 Old Name=PD3 (TXD1/INT3) New Designator =PC4 (A12/OC.3C) New Name=39
Change Pin Designator/Name:  Old Designator=U?-29 Old Name=PD4 (ICP1) New Designator =PC3 (A11/T.3) New Name=38
Change Pin Designator/Name:  Old Designator=U?-30 Old Name=PD5 (XCK1) New Designator =PC2 (A10) New Name=37
Change Pin Designator/Name:  Old Designator=U?-31 Old Name=PD6 (T1) New Designator =PC1 (A9) New Name=36
Change Pin Designator/Name:  Old Designator=U?-32 Old Name=PD7 (T0) New Designator =PC0 (A8) New Name=35
Change Pin Designator/Name:  Old Designator=U?-35 Old Name=PC0 (A8) New Designator =PD6 (T1) New Name=31
Change Pin Designator/Name:  Old Designator=U?-36 Old Name=PC1 (A9) New Designator =PD7 (T0) New Name=32
Change Pin Designator/Name:  Old Designator=U?-37 Old Name=PC2 (A10) New Designator =PD4 (ICP1) New Name=29
Change Pin Designator/Name:  Old Designator=U?-38 Old Name=PC3 (A11/T.3) New Designator =PD5 (XCK1) New Name=30
Change Pin Designator/Name:  Old Designator=U?-39 Old Name=PC4 (A12/OC.3C) New Designator =PD0 (OC0B/SCL/INT0) New Name=25
Change Pin Designator/Name:  Old Designator=U?-40 Old Name=PC5 (A13/OC.3B) New Designator =PD1 (OC2B/SDA/INT1) New Name=26
Change Pin Designator/Name:  Old Designator=U?-41 Old Name=PC6 (A14/OC.3A) New Designator =PA0 (AD0) New Name=51
Change Pin Designator/Name:  Old Designator=U?-42 Old Name=PC7 (A15/IC.3/CLKO) New Designator =PA1 (AD1) New Name=50
Change Pin Designator/Name:  Old Designator=U?-44 Old Name=PA7 (AD7) New Designator =PA2 (AD2) New Name=49
Change Pin Designator/Name:  Old Designator=U?-45 Old Name=PA6 (AD6) New Designator =PA3 (AD3) New Name=48
Change Pin Designator/Name:  Old Designator=U?-46 Old Name=PA5 (AD5) New Designator =PA4 (AD4) New Name=47
Change Pin Designator/Name:  Old Designator=U?-47 Old Name=PA4 (AD4) New Designator =PA5 (AD5) New Name=46
Change Pin Designator/Name:  Old Designator=U?-48 Old Name=PA3 (AD3) New Designator =PA6 (AD6) New Name=45
Change Pin Designator/Name:  Old Designator=U?-49 Old Name=PA2 (AD2) New Designator =PA7 (AD7) New Name=44
Change Pin Designator/Name:  Old Designator=U?-50 Old Name=PA1 (AD1) New Designator =PD2 (RXD1/INT2) New Name=27
Change Pin Designator/Name:  Old Designator=U?-51 Old Name=PA0 (AD0) New Designator =PD3 (TXD1/INT3) New Name=28
