Removed Pin From Net: NetName=PB0 Pin=P5-1
Removed Pin From Net: NetName=PB1 Pin=P5-2
Removed Pin From Net: NetName=PB2 Pin=P5-3
Removed Pin From Net: NetName=PB3 Pin=P5-4
Removed Pin From Net: NetName=PB4 Pin=P5-5
Removed Pin From Net: NetName=PB5 Pin=P5-6
Removed Pin From Net: NetName=PB6 Pin=P5-7
Removed Pin From Net: NetName=PB7 Pin=P5-8
Removed Pin From Net: NetName=VTREF Pin=P7-1
Removed Pin From Net: NetName=GND Pin=P7-2
Removed Member From Class: ClassName=LED-kube-kontrollerkort_v0-0-1 Member=P5
Removed Member From Class: ClassName=LED-kube-kontrollerkort_v0-0-1 Member=P7
Change Component Comment : Designator=P6 Old Comment=Header 6 New Comment=UART
Added Component: Designator=P8(HDR2X3)
Added Component: Designator=P9(HDR2X3)
Added Component: Designator=P?(HDR1X4)
Added Pin To Net: NetName=VTREF Pin=J?-3
Added Pin To Net: NetName=GND Pin=J?-4
Added Pin To Net: NetName=VTREF Pin=P8-1
Added Pin To Net: NetName=GND Pin=P8-2
Added Pin To Net: NetName=PB0 Pin=P8-3
Added Pin To Net: NetName=PB1 Pin=P8-4
Added Pin To Net: NetName=PB2 Pin=P8-5
Added Pin To Net: NetName=VTREF Pin=P9-1
Added Pin To Net: NetName=GND Pin=P9-2
Added Pin To Net: NetName=PB3 Pin=P9-3
Added Pin To Net: NetName=PB4 Pin=P9-4
Added Pin To Net: NetName=PB5 Pin=P9-5
Added Pin To Net: NetName=PB6 Pin=P?-1
Added Pin To Net: NetName=PB7 Pin=P?-2
Change Net Name : Old Net Name=PB0 New Net Name=NES_A_STROBE
Change Net Name : Old Net Name=PB1 New Net Name=NES_A_CLOCK
Change Net Name : Old Net Name=PB2 New Net Name=NES_A_DATA
Change Net Name : Old Net Name=PB3 New Net Name=NES_B_STROBE
Change Net Name : Old Net Name=PB4 New Net Name=NES_B_CLOCK
Change Net Name : Old Net Name=PB5 New Net Name=NES_B_DATA
Added Pin To Net: NetName=PE4 Pin=P?-3
Added Pin To Net: NetName=PE4 Pin=U?-18
Added Net: Name=PE4
Added Pin To Net: NetName=PE5 Pin=P?-4
Added Pin To Net: NetName=PE5 Pin=U?-19
Added Net: Name=PE5
Added Member To Class: ClassName=LED-kube-kontrollerkort_v0-0-1 Member=Component P8 NES_A
Added Member To Class: ClassName=LED-kube-kontrollerkort_v0-0-1 Member=Component P9 NES_B
Added Member To Class: ClassName=LED-kube-kontrollerkort_v0-0-1 Member=Component P? Header 4
